[2020oct23 00:00:38,918][INFO ][][consultarMorosidad ConsultaMorosidad.java:105][Iniciando WSConsultaMorosidad]
[2020oct23 00:00:38,954][INFO ][][consultarMorosidad ConsultaMorosidad.java:106][Channel:EJEACT1]
[2020oct23 00:00:38,986][INFO ][][consultarMorosidad ConsultaMorosidad.java:107][User:123456]
[2020oct23 00:00:39,017][DEBUG][][consultarMorosidad ConsultaMorosidad.java:120][tiposIdPrefijo:JGP]
[2020oct23 00:00:39,049][DEBUG][][consultarMorosidad ConsultaMorosidad.java:121][tiposIdGuion:]
[2020oct23 00:00:39,080][INFO ][][consultarMorosidad ConsultaMorosidad.java:130][Numero de identificacion de cliente:25631092]
[2020oct23 00:00:39,111][INFO ][][consultarMorosidad ConsultaMorosidad.java:131][Numero de cuenta:-1]
[2020oct23 00:00:39,143][DEBUG][][consultarMorosidad ConsultaMorosidad.java:139][Realizando conexion a base de datos]
[2020oct23 00:00:39,174][DEBUG][][getConnection ConsultaMorosidad.java:47][nombre de datasource:ds/VYPV_SIR]
[2020oct23 00:00:39,209][DEBUG][][consultarMorosidad ConsultaMorosidad.java:150][Conexion a base de datos exitosa]
[2020oct23 00:00:43,502][DEBUG][][consultarMorosidad ConsultaMorosidad.java:166][Codigo de retorno de SPConsultaMorosidad:0]
[2020oct23 00:00:43,534][DEBUG][][consultarMorosidad ConsultaMorosidad.java:186][Construyendo respuesta]
[2020oct23 00:00:43,565][INFO ][][consultarMorosidad ConsultaMorosidad.java:190][Estatus cobranza:O]
[2020oct23 00:00:43,597][INFO ][][consultarMorosidad ConsultaMorosidad.java:197][Ejecutivo de cobranzas:]
[2020oct23 00:00:43,628][INFO ][][consultarMorosidad ConsultaMorosidad.java:201][Proceso de cobranzas:null]
[2020oct23 00:00:43,659][DEBUG][][consultarMorosidad ConsultaMorosidad.java:204][Consulta realizada exitosamente]
[2020oct23 00:00:43,691][DEBUG][][consultarMorosidad ConsultaMorosidad.java:213][peticion finalizada en4773milisegundos]
[2020oct23 00:01:34,263][INFO ][][consultarMorosidad ConsultaMorosidad.java:105][Iniciando WSConsultaMorosidad]
[2020oct23 00:01:34,295][INFO ][][consultarMorosidad ConsultaMorosidad.java:106][Channel:EJEACT1]
[2020oct23 00:01:34,327][INFO ][][consultarMorosidad ConsultaMorosidad.java:107][User:123456]
[2020oct23 00:01:34,358][DEBUG][][consultarMorosidad ConsultaMorosidad.java:120][tiposIdPrefijo:JGP]
[2020oct23 00:01:34,390][DEBUG][][consultarMorosidad ConsultaMorosidad.java:121][tiposIdGuion:]
[2020oct23 00:01:34,421][INFO ][][consultarMorosidad ConsultaMorosidad.java:130][Numero de identificacion de cliente:25631092]
[2020oct23 00:01:34,453][INFO ][][consultarMorosidad ConsultaMorosidad.java:131][Numero de cuenta:-1]
[2020oct23 00:01:34,484][DEBUG][][consultarMorosidad ConsultaMorosidad.java:139][Realizando conexion a base de datos]
[2020oct23 00:01:34,516][DEBUG][][getConnection ConsultaMorosidad.java:47][nombre de datasource:ds/VYPV_SIR]
[2020oct23 00:01:34,550][DEBUG][][consultarMorosidad ConsultaMorosidad.java:150][Conexion a base de datos exitosa]
[2020oct23 00:01:39,247][DEBUG][][consultarMorosidad ConsultaMorosidad.java:166][Codigo de retorno de SPConsultaMorosidad:0]
[2020oct23 00:01:39,279][DEBUG][][consultarMorosidad ConsultaMorosidad.java:186][Construyendo respuesta]
[2020oct23 00:01:39,310][INFO ][][consultarMorosidad ConsultaMorosidad.java:190][Estatus cobranza:O]
[2020oct23 00:01:39,341][INFO ][][consultarMorosidad ConsultaMorosidad.java:197][Ejecutivo de cobranzas:]
[2020oct23 00:01:39,373][INFO ][][consultarMorosidad ConsultaMorosidad.java:201][Proceso de cobranzas:null]
[2020oct23 00:01:39,404][DEBUG][][consultarMorosidad ConsultaMorosidad.java:204][Consulta realizada exitosamente]
[2020oct23 00:01:39,436][DEBUG][][consultarMorosidad ConsultaMorosidad.java:213][peticion finalizada en5173milisegundos]
[2020oct23 00:03:00,195][INFO ][][consultarMorosidad ConsultaMorosidad.java:105][Iniciando WSConsultaMorosidad]
[2020oct23 00:03:00,226][INFO ][][consultarMorosidad ConsultaMorosidad.java:106][Channel:EJEACT1]
[2020oct23 00:03:00,258][INFO ][][consultarMorosidad ConsultaMorosidad.java:107][User:123456]
[2020oct23 00:03:00,289][DEBUG][][consultarMorosidad ConsultaMorosidad.java:120][tiposIdPrefijo:JGP]
[2020oct23 00:03:00,320][DEBUG][][consultarMorosidad ConsultaMorosidad.java:121][tiposIdGuion:]
[2020oct23 00:03:00,352][INFO ][][consultarMorosidad ConsultaMorosidad.java:130][Numero de identificacion de cliente:25631092]
[2020oct23 00:03:00,384][INFO ][][consultarMorosidad ConsultaMorosidad.java:131][Numero de cuenta:-1]
[2020oct23 00:03:00,417][DEBUG][][consultarMorosidad ConsultaMorosidad.java:139][Realizando conexion a base de datos]
[2020oct23 00:03:00,450][DEBUG][][getConnection ConsultaMorosidad.java:47][nombre de datasource:ds/VYPV_SIR]
[2020oct23 00:03:00,485][DEBUG][][consultarMorosidad ConsultaMorosidad.java:150][Conexion a base de datos exitosa]
[2020oct23 00:03:04,785][DEBUG][][consultarMorosidad ConsultaMorosidad.java:166][Codigo de retorno de SPConsultaMorosidad:0]
[2020oct23 00:03:04,817][DEBUG][][consultarMorosidad ConsultaMorosidad.java:186][Construyendo respuesta]
[2020oct23 00:03:04,848][INFO ][][consultarMorosidad ConsultaMorosidad.java:190][Estatus cobranza:O]
[2020oct23 00:03:04,880][INFO ][][consultarMorosidad ConsultaMorosidad.java:197][Ejecutivo de cobranzas:]
[2020oct23 00:03:04,911][INFO ][][consultarMorosidad ConsultaMorosidad.java:201][Proceso de cobranzas:null]
[2020oct23 00:03:04,943][DEBUG][][consultarMorosidad ConsultaMorosidad.java:204][Consulta realizada exitosamente]
[2020oct23 00:03:04,974][DEBUG][][consultarMorosidad ConsultaMorosidad.java:213][peticion finalizada en4779milisegundos]
[2020oct23 00:20:10,629][INFO ][][consultarMorosidad ConsultaMorosidad.java:105][Iniciando WSConsultaMorosidad]
[2020oct23 00:20:10,662][INFO ][][consultarMorosidad ConsultaMorosidad.java:106][Channel:EJEACT1]
[2020oct23 00:20:10,694][INFO ][][consultarMorosidad ConsultaMorosidad.java:107][User:123456]
[2020oct23 00:20:10,727][DEBUG][][consultarMorosidad ConsultaMorosidad.java:120][tiposIdPrefijo:JGP]
[2020oct23 00:20:10,760][DEBUG][][consultarMorosidad ConsultaMorosidad.java:121][tiposIdGuion:]
[2020oct23 00:20:10,793][INFO ][][consultarMorosidad ConsultaMorosidad.java:130][Numero de identificacion de cliente:25631092]
[2020oct23 00:20:10,826][INFO ][][consultarMorosidad ConsultaMorosidad.java:131][Numero de cuenta:-1]
[2020oct23 00:20:10,858][DEBUG][][consultarMorosidad ConsultaMorosidad.java:139][Realizando conexion a base de datos]
[2020oct23 00:20:10,891][DEBUG][][getConnection ConsultaMorosidad.java:47][nombre de datasource:ds/VYPV_SIR]
[2020oct23 00:20:10,927][DEBUG][][consultarMorosidad ConsultaMorosidad.java:150][Conexion a base de datos exitosa]
[2020oct23 00:20:15,221][DEBUG][][consultarMorosidad ConsultaMorosidad.java:166][Codigo de retorno de SPConsultaMorosidad:0]
[2020oct23 00:20:15,253][DEBUG][][consultarMorosidad ConsultaMorosidad.java:186][Construyendo respuesta]
[2020oct23 00:20:15,285][INFO ][][consultarMorosidad ConsultaMorosidad.java:190][Estatus cobranza:O]
[2020oct23 00:20:15,316][INFO ][][consultarMorosidad ConsultaMorosidad.java:197][Ejecutivo de cobranzas:]
[2020oct23 00:20:15,348][INFO ][][consultarMorosidad ConsultaMorosidad.java:201][Proceso de cobranzas:null]
[2020oct23 00:20:15,379][DEBUG][][consultarMorosidad ConsultaMorosidad.java:204][Consulta realizada exitosamente]
[2020oct23 00:20:15,411][DEBUG][][consultarMorosidad ConsultaMorosidad.java:213][peticion finalizada en4782milisegundos]
[2020oct23 00:21:27,761][INFO ][][consultarMorosidad ConsultaMorosidad.java:105][Iniciando WSConsultaMorosidad]
[2020oct23 00:21:27,793][INFO ][][consultarMorosidad ConsultaMorosidad.java:106][Channel:EJEACT1]
[2020oct23 00:21:27,824][INFO ][][consultarMorosidad ConsultaMorosidad.java:107][User:123456]
[2020oct23 00:21:27,855][DEBUG][][consultarMorosidad ConsultaMorosidad.java:120][tiposIdPrefijo:JGP]
[2020oct23 00:21:27,887][DEBUG][][consultarMorosidad ConsultaMorosidad.java:121][tiposIdGuion:]
[2020oct23 00:21:27,918][INFO ][][consultarMorosidad ConsultaMorosidad.java:130][Numero de identificacion de cliente:25631092]
[2020oct23 00:21:27,949][INFO ][][consultarMorosidad ConsultaMorosidad.java:131][Numero de cuenta:-1]
[2020oct23 00:21:27,982][DEBUG][][consultarMorosidad ConsultaMorosidad.java:139][Realizando conexion a base de datos]
[2020oct23 00:21:28,013][DEBUG][][getConnection ConsultaMorosidad.java:47][nombre de datasource:ds/VYPV_SIR]
[2020oct23 00:21:28,048][DEBUG][][consultarMorosidad ConsultaMorosidad.java:150][Conexion a base de datos exitosa]
[2020oct23 00:21:32,340][DEBUG][][consultarMorosidad ConsultaMorosidad.java:166][Codigo de retorno de SPConsultaMorosidad:0]
[2020oct23 00:21:32,372][DEBUG][][consultarMorosidad ConsultaMorosidad.java:186][Construyendo respuesta]
[2020oct23 00:21:32,404][INFO ][][consultarMorosidad ConsultaMorosidad.java:190][Estatus cobranza:O]
[2020oct23 00:21:32,435][INFO ][][consultarMorosidad ConsultaMorosidad.java:197][Ejecutivo de cobranzas:]
[2020oct23 00:21:32,466][INFO ][][consultarMorosidad ConsultaMorosidad.java:201][Proceso de cobranzas:null]
[2020oct23 00:21:32,498][DEBUG][][consultarMorosidad ConsultaMorosidad.java:204][Consulta realizada exitosamente]
[2020oct23 00:21:32,529][DEBUG][][consultarMorosidad ConsultaMorosidad.java:213][peticion finalizada en4768milisegundos]
[2020oct23 00:23:37,184][INFO ][][consultarMorosidad ConsultaMorosidad.java:105][Iniciando WSConsultaMorosidad]
[2020oct23 00:23:37,216][INFO ][][consultarMorosidad ConsultaMorosidad.java:106][Channel:EJEACT1]
[2020oct23 00:23:37,247][INFO ][][consultarMorosidad ConsultaMorosidad.java:107][User:123456]
[2020oct23 00:23:37,279][DEBUG][][consultarMorosidad ConsultaMorosidad.java:120][tiposIdPrefijo:JGP]
[2020oct23 00:23:37,310][DEBUG][][consultarMorosidad ConsultaMorosidad.java:121][tiposIdGuion:]
[2020oct23 00:23:37,341][INFO ][][consultarMorosidad ConsultaMorosidad.java:130][Numero de identificacion de cliente:25631092]
[2020oct23 00:23:37,373][INFO ][][consultarMorosidad ConsultaMorosidad.java:131][Numero de cuenta:-1]
[2020oct23 00:23:37,404][DEBUG][][consultarMorosidad ConsultaMorosidad.java:139][Realizando conexion a base de datos]
[2020oct23 00:23:37,436][DEBUG][][getConnection ConsultaMorosidad.java:47][nombre de datasource:ds/VYPV_SIR]
[2020oct23 00:23:37,470][DEBUG][][consultarMorosidad ConsultaMorosidad.java:150][Conexion a base de datos exitosa]
[2020oct23 00:23:41,826][DEBUG][][consultarMorosidad ConsultaMorosidad.java:166][Codigo de retorno de SPConsultaMorosidad:0]
[2020oct23 00:23:41,858][DEBUG][][consultarMorosidad ConsultaMorosidad.java:186][Construyendo respuesta]
[2020oct23 00:23:41,889][INFO ][][consultarMorosidad ConsultaMorosidad.java:190][Estatus cobranza:O]
[2020oct23 00:23:41,921][INFO ][][consultarMorosidad ConsultaMorosidad.java:197][Ejecutivo de cobranzas:]
[2020oct23 00:23:41,952][INFO ][][consultarMorosidad ConsultaMorosidad.java:201][Proceso de cobranzas:null]
[2020oct23 00:23:41,984][DEBUG][][consultarMorosidad ConsultaMorosidad.java:204][Consulta realizada exitosamente]
[2020oct23 00:23:42,015][DEBUG][][consultarMorosidad ConsultaMorosidad.java:213][peticion finalizada en4831milisegundos]
[2020oct23 00:38:16,718][INFO ][][consultarMorosidad ConsultaMorosidad.java:105][Iniciando WSConsultaMorosidad]
[2020oct23 00:38:16,750][INFO ][][consultarMorosidad ConsultaMorosidad.java:106][Channel:EJEACT1]
[2020oct23 00:38:16,782][INFO ][][consultarMorosidad ConsultaMorosidad.java:107][User:123456]
[2020oct23 00:38:16,813][DEBUG][][consultarMorosidad ConsultaMorosidad.java:120][tiposIdPrefijo:JGP]
[2020oct23 00:38:16,844][DEBUG][][consultarMorosidad ConsultaMorosidad.java:121][tiposIdGuion:]
[2020oct23 00:38:16,876][INFO ][][consultarMorosidad ConsultaMorosidad.java:130][Numero de identificacion de cliente:4636578]
[2020oct23 00:38:16,907][INFO ][][consultarMorosidad ConsultaMorosidad.java:131][Numero de cuenta:-1]
[2020oct23 00:38:16,938][DEBUG][][consultarMorosidad ConsultaMorosidad.java:139][Realizando conexion a base de datos]
[2020oct23 00:38:16,970][DEBUG][][getConnection ConsultaMorosidad.java:47][nombre de datasource:ds/VYPV_SIR]
[2020oct23 00:38:17,004][DEBUG][][consultarMorosidad ConsultaMorosidad.java:150][Conexion a base de datos exitosa]
[2020oct23 00:38:21,321][DEBUG][][consultarMorosidad ConsultaMorosidad.java:166][Codigo de retorno de SPConsultaMorosidad:1]
[2020oct23 00:38:21,353][INFO ][][consultarMorosidad ConsultaMorosidad.java:174][no se encontro cliente en SIR con el numero de documento de identificacion suministrado]
[2020oct23 00:38:21,384][DEBUG][][consultarMorosidad ConsultaMorosidad.java:213][peticion finalizada en4666milisegundos]
[2020oct23 00:48:51,745][INFO ][][consultarMorosidad ConsultaMorosidad.java:105][Iniciando WSConsultaMorosidad]
[2020oct23 00:48:51,777][INFO ][][consultarMorosidad ConsultaMorosidad.java:106][Channel:EJEACT1]
[2020oct23 00:48:51,808][INFO ][][consultarMorosidad ConsultaMorosidad.java:107][User:123456]
[2020oct23 00:48:51,840][DEBUG][][consultarMorosidad ConsultaMorosidad.java:120][tiposIdPrefijo:JGP]
[2020oct23 00:48:51,871][DEBUG][][consultarMorosidad ConsultaMorosidad.java:121][tiposIdGuion:]
[2020oct23 00:48:51,902][INFO ][][consultarMorosidad ConsultaMorosidad.java:130][Numero de identificacion de cliente:25631092]
[2020oct23 00:48:51,934][INFO ][][consultarMorosidad ConsultaMorosidad.java:131][Numero de cuenta:-1]
[2020oct23 00:48:51,965][DEBUG][][consultarMorosidad ConsultaMorosidad.java:139][Realizando conexion a base de datos]
[2020oct23 00:48:51,997][DEBUG][][getConnection ConsultaMorosidad.java:47][nombre de datasource:ds/VYPV_SIR]
[2020oct23 00:48:52,031][DEBUG][][consultarMorosidad ConsultaMorosidad.java:150][Conexion a base de datos exitosa]
[2020oct23 00:48:56,369][DEBUG][][consultarMorosidad ConsultaMorosidad.java:166][Codigo de retorno de SPConsultaMorosidad:0]
[2020oct23 00:48:56,401][DEBUG][][consultarMorosidad ConsultaMorosidad.java:186][Construyendo respuesta]
[2020oct23 00:48:56,432][INFO ][][consultarMorosidad ConsultaMorosidad.java:190][Estatus cobranza:O]
[2020oct23 00:48:56,464][INFO ][][consultarMorosidad ConsultaMorosidad.java:197][Ejecutivo de cobranzas:]
[2020oct23 00:48:56,495][INFO ][][consultarMorosidad ConsultaMorosidad.java:201][Proceso de cobranzas:null]
[2020oct23 00:48:56,527][DEBUG][][consultarMorosidad ConsultaMorosidad.java:204][Consulta realizada exitosamente]
[2020oct23 00:48:56,558][DEBUG][][consultarMorosidad ConsultaMorosidad.java:213][peticion finalizada en4813milisegundos]
[2020oct23 00:52:57,002][INFO ][][consultarMorosidad ConsultaMorosidad.java:105][Iniciando WSConsultaMorosidad]
[2020oct23 00:52:57,034][INFO ][][consultarMorosidad ConsultaMorosidad.java:106][Channel:EJEACT1]
[2020oct23 00:52:57,066][INFO ][][consultarMorosidad ConsultaMorosidad.java:107][User:123456]
[2020oct23 00:52:57,098][DEBUG][][consultarMorosidad ConsultaMorosidad.java:120][tiposIdPrefijo:JGP]
[2020oct23 00:52:57,130][DEBUG][][consultarMorosidad ConsultaMorosidad.java:121][tiposIdGuion:]
[2020oct23 00:52:57,161][INFO ][][consultarMorosidad ConsultaMorosidad.java:130][Numero de identificacion de cliente:25631092]
[2020oct23 00:52:57,193][INFO ][][consultarMorosidad ConsultaMorosidad.java:131][Numero de cuenta:-1]
[2020oct23 00:52:57,224][DEBUG][][consultarMorosidad ConsultaMorosidad.java:139][Realizando conexion a base de datos]
[2020oct23 00:52:57,255][DEBUG][][getConnection ConsultaMorosidad.java:47][nombre de datasource:ds/VYPV_SIR]
[2020oct23 00:52:57,290][DEBUG][][consultarMorosidad ConsultaMorosidad.java:150][Conexion a base de datos exitosa]
[2020oct23 00:53:01,726][DEBUG][][consultarMorosidad ConsultaMorosidad.java:166][Codigo de retorno de SPConsultaMorosidad:0]
[2020oct23 00:53:01,759][DEBUG][][consultarMorosidad ConsultaMorosidad.java:186][Construyendo respuesta]
[2020oct23 00:53:01,790][INFO ][][consultarMorosidad ConsultaMorosidad.java:190][Estatus cobranza:O]
[2020oct23 00:53:01,821][INFO ][][consultarMorosidad ConsultaMorosidad.java:197][Ejecutivo de cobranzas:]
[2020oct23 00:53:01,853][INFO ][][consultarMorosidad ConsultaMorosidad.java:201][Proceso de cobranzas:null]
[2020oct23 00:53:01,884][DEBUG][][consultarMorosidad ConsultaMorosidad.java:204][Consulta realizada exitosamente]
[2020oct23 00:53:01,915][DEBUG][][consultarMorosidad ConsultaMorosidad.java:213][peticion finalizada en4913milisegundos]
[2020oct23 00:55:14,536][INFO ][][consultarMorosidad ConsultaMorosidad.java:105][Iniciando WSConsultaMorosidad]
[2020oct23 00:55:14,568][INFO ][][consultarMorosidad ConsultaMorosidad.java:106][Channel:EJEACT1]
[2020oct23 00:55:14,600][INFO ][][consultarMorosidad ConsultaMorosidad.java:107][User:123456]
[2020oct23 00:55:14,631][DEBUG][][consultarMorosidad ConsultaMorosidad.java:120][tiposIdPrefijo:JGP]
[2020oct23 00:55:14,663][DEBUG][][consultarMorosidad ConsultaMorosidad.java:121][tiposIdGuion:]
[2020oct23 00:55:14,694][INFO ][][consultarMorosidad ConsultaMorosidad.java:130][Numero de identificacion de cliente:25631092]
[2020oct23 00:55:14,725][INFO ][][consultarMorosidad ConsultaMorosidad.java:131][Numero de cuenta:-1]
[2020oct23 00:55:14,756][DEBUG][][consultarMorosidad ConsultaMorosidad.java:139][Realizando conexion a base de datos]
[2020oct23 00:55:14,788][DEBUG][][getConnection ConsultaMorosidad.java:47][nombre de datasource:ds/VYPV_SIR]
[2020oct23 00:55:14,822][DEBUG][][consultarMorosidad ConsultaMorosidad.java:150][Conexion a base de datos exitosa]
[2020oct23 00:55:19,155][DEBUG][][consultarMorosidad ConsultaMorosidad.java:166][Codigo de retorno de SPConsultaMorosidad:0]
[2020oct23 00:55:19,187][DEBUG][][consultarMorosidad ConsultaMorosidad.java:186][Construyendo respuesta]
[2020oct23 00:55:19,219][INFO ][][consultarMorosidad ConsultaMorosidad.java:190][Estatus cobranza:O]
[2020oct23 00:55:19,250][INFO ][][consultarMorosidad ConsultaMorosidad.java:197][Ejecutivo de cobranzas:]
[2020oct23 00:55:19,282][INFO ][][consultarMorosidad ConsultaMorosidad.java:201][Proceso de cobranzas:null]
[2020oct23 00:55:19,313][DEBUG][][consultarMorosidad ConsultaMorosidad.java:204][Consulta realizada exitosamente]
[2020oct23 00:55:19,344][DEBUG][][consultarMorosidad ConsultaMorosidad.java:213][peticion finalizada en4808milisegundos]
[2020oct23 01:03:43,990][INFO ][][consultarMorosidad ConsultaMorosidad.java:105][Iniciando WSConsultaMorosidad]
[2020oct23 01:03:44,022][INFO ][][consultarMorosidad ConsultaMorosidad.java:106][Channel:EJEACT1]
[2020oct23 01:03:44,054][INFO ][][consultarMorosidad ConsultaMorosidad.java:107][User:123456]
[2020oct23 01:03:44,085][DEBUG][][consultarMorosidad ConsultaMorosidad.java:120][tiposIdPrefijo:JGP]
[2020oct23 01:03:44,117][DEBUG][][consultarMorosidad ConsultaMorosidad.java:121][tiposIdGuion:]
[2020oct23 01:03:44,148][INFO ][][consultarMorosidad ConsultaMorosidad.java:130][Numero de identificacion de cliente:4074893]
[2020oct23 01:03:44,179][INFO ][][consultarMorosidad ConsultaMorosidad.java:131][Numero de cuenta:-1]
[2020oct23 01:03:44,211][DEBUG][][consultarMorosidad ConsultaMorosidad.java:139][Realizando conexion a base de datos]
[2020oct23 01:03:44,242][DEBUG][][getConnection ConsultaMorosidad.java:47][nombre de datasource:ds/VYPV_SIR]
[2020oct23 01:03:44,277][DEBUG][][consultarMorosidad ConsultaMorosidad.java:150][Conexion a base de datos exitosa]
[2020oct23 01:03:48,609][DEBUG][][consultarMorosidad ConsultaMorosidad.java:166][Codigo de retorno de SPConsultaMorosidad:0]
[2020oct23 01:03:48,641][DEBUG][][consultarMorosidad ConsultaMorosidad.java:186][Construyendo respuesta]
[2020oct23 01:03:48,673][INFO ][][consultarMorosidad ConsultaMorosidad.java:190][Estatus cobranza:M]
[2020oct23 01:03:48,704][INFO ][][consultarMorosidad ConsultaMorosidad.java:197][Ejecutivo de cobranzas:]
[2020oct23 01:03:48,735][INFO ][][consultarMorosidad ConsultaMorosidad.java:201][Proceso de cobranzas:null]
[2020oct23 01:03:48,767][DEBUG][][consultarMorosidad ConsultaMorosidad.java:204][Consulta realizada exitosamente]
[2020oct23 01:03:48,798][DEBUG][][consultarMorosidad ConsultaMorosidad.java:213][peticion finalizada en4808milisegundos]
